Flow report for es2
Thu Apr 04 16:22:32 2019
Quartus II Version 11.0 Build 208 07/03/2011 Service Pack 1 SJ Web Edition


---------------------
; Table of Contents ;
---------------------
  1. Legal Notice
  2. Flow Summary
  3. Flow Settings
  4. Flow Non-Default Global Settings
  5. Flow Elapsed Time
  6. Flow OS Summary
  7. Flow Log



----------------
; Legal Notice ;
----------------
Copyright (C) 1991-2011 Altera Corporation
Your use of Altera Corporation's design tools, logic functions 
and other software and tools, and its AMPP partner logic 
functions, and any output files from any of the foregoing 
(including device programming or simulation files), and any 
associated documentation or information are expressly subject 
to the terms and conditions of the Altera Program License 
Subscription Agreement, Altera MegaCore Function License 
Agreement, or other applicable license agreement, including, 
without limitation, that your use is for the sole purpose of 
programming logic devices manufactured by Altera and sold by 
Altera or its authorized distributors.  Please refer to the 
applicable agreement for further details.



+------------------------------------------------------------------------------------+
; Flow Summary                                                                       ;
+------------------------------------+-----------------------------------------------+
; Flow Status                        ; Successful - Thu Apr 04 16:22:32 2019         ;
; Quartus II Version                 ; 11.0 Build 208 07/03/2011 SP 1 SJ Web Edition ;
; Revision Name                      ; es2                                           ;
; Top-level Entity Name              ; bit16ctr                                      ;
; Family                             ; Cyclone II                                    ;
; Device                             ; EP2C35F672C6                                  ;
; Timing Models                      ; Final                                         ;
; Total logic elements               ; 22 / 33,216 ( < 1 % )                         ;
;     Total combinational functions  ; 22 / 33,216 ( < 1 % )                         ;
;     Dedicated logic registers      ; 16 / 33,216 ( < 1 % )                         ;
; Total registers                    ; 16                                            ;
; Total pins                         ; 19 / 475 ( 4 % )                              ;
; Total virtual pins                 ; 0                                             ;
; Total memory bits                  ; 0 / 483,840 ( 0 % )                           ;
; Embedded Multiplier 9-bit elements ; 0 / 70 ( 0 % )                                ;
; Total PLLs                         ; 0 / 4 ( 0 % )                                 ;
+------------------------------------+-----------------------------------------------+


+-----------------------------------------+
; Flow Settings                           ;
+-------------------+---------------------+
; Option            ; Setting             ;
+-------------------+---------------------+
; Start date & time ; 04/04/2019 16:22:17 ;
; Main task         ; Compilation         ;
; Revision Name     ; es2                 ;
+-------------------+---------------------+


+-----------------------------------------------------------------------------------------------------------------+
; Flow Non-Default Global Settings                                                                                ;
+-------------------------------------+--------------------------------+---------------+-------------+------------+
; Assignment Name                     ; Value                          ; Default Value ; Entity Name ; Section Id ;
+-------------------------------------+--------------------------------+---------------+-------------+------------+
; COMPILER_SIGNATURE_ID               ; 93383143455388.155438773713828 ; --            ; --          ; --         ;
; MAX_CORE_JUNCTION_TEMP              ; 85                             ; --            ; --          ; --         ;
; MIN_CORE_JUNCTION_TEMP              ; 0                              ; --            ; --          ; --         ;
; PARTITION_COLOR                     ; 16764057                       ; --            ; bit16ctr    ; Top        ;
; PARTITION_FITTER_PRESERVATION_LEVEL ; PLACEMENT_AND_ROUTING          ; --            ; bit16ctr    ; Top        ;
; PARTITION_NETLIST_TYPE              ; SOURCE                         ; --            ; bit16ctr    ; Top        ;
; TOP_LEVEL_ENTITY                    ; bit16ctr                       ; es2           ; --          ; --         ;
+-------------------------------------+--------------------------------+---------------+-------------+------------+


+-------------------------------------------------------------------------------------------------------------------------------+
; Flow Elapsed Time                                                                                                             ;
+---------------------------+--------------+-------------------------+---------------------+------------------------------------+
; Module Name               ; Elapsed Time ; Average Processors Used ; Peak Virtual Memory ; Total CPU Time (on all processors) ;
+---------------------------+--------------+-------------------------+---------------------+------------------------------------+
; Analysis & Synthesis      ; 00:00:03     ; 1.0                     ; 311 MB              ; 00:00:02                           ;
; Fitter                    ; 00:00:07     ; 1.0                     ; 374 MB              ; 00:00:06                           ;
; TimeQuest Timing Analyzer ; 00:00:03     ; 1.0                     ; 276 MB              ; 00:00:02                           ;
; Assembler                 ; 00:00:04     ; 1.0                     ; 317 MB              ; 00:00:03                           ;
; Total                     ; 00:00:17     ; --                      ; --                  ; 00:00:13                           ;
+---------------------------+--------------+-------------------------+---------------------+------------------------------------+


+----------------------------------------------------------------------------------------+
; Flow OS Summary                                                                        ;
+---------------------------+------------------+-----------+------------+----------------+
; Module Name               ; Machine Hostname ; OS Name   ; OS Version ; Processor type ;
+---------------------------+------------------+-----------+------------+----------------+
; Analysis & Synthesis      ; DESKTOP-TMRME1S  ; Windows 7 ; 6.2        ; x86_64         ;
; Fitter                    ; DESKTOP-TMRME1S  ; Windows 7 ; 6.2        ; x86_64         ;
; TimeQuest Timing Analyzer ; DESKTOP-TMRME1S  ; Windows 7 ; 6.2        ; x86_64         ;
; Assembler                 ; DESKTOP-TMRME1S  ; Windows 7 ; 6.2        ; x86_64         ;
+---------------------------+------------------+-----------+------------+----------------+


------------
; Flow Log ;
------------
quartus_map --read_settings_files=on --write_settings_files=off es2 -c es2
quartus_fit --read_settings_files=off --write_settings_files=off es2 -c es2
quartus_sta es2 -c es2
quartus_asm --read_settings_files=off --write_settings_files=off es2 -c es2



